<?xml version="1.0" encoding="UTF-8"?>
<testng-results skipped="0" failed="0" ignored="0" total="1" passed="1">
  <reporter-output>
  </reporter-output>
  <suite name="Default suite" duration-ms="31" started-at="2018-06-03T06:16:05Z" finished-at="2018-06-03T06:16:05Z">
    <groups>
    </groups>
    <test name="Default test" duration-ms="31" started-at="2018-06-03T06:16:05Z" finished-at="2018-06-03T06:16:05Z">
      <class name="com.bbc.JenkinsDemo.HelloWorld">
        <test-method status="PASS" signature="helloWorld()[pri:0, instance:com.bbc.JenkinsDemo.HelloWorld@4923ab24]" name="helloWorld" duration-ms="16" started-at="2018-06-03T06:16:05Z" finished-at="2018-06-03T06:16:05Z">
          <reporter-output>
          </reporter-output>
        </test-method> <!-- helloWorld -->
      </class> <!-- com.bbc.JenkinsDemo.HelloWorld -->
    </test> <!-- Default test -->
  </suite> <!-- Default suite -->
</testng-results>
